[10-Feb-2018 00:49:40 UTC] PHP Fatal error:  Class 'App\Http\Controllers\Message' not found in /home/ubuntu/workspace/tasklist/app/Http/Controllers/TasksController.php on line 57
[10-Feb-2018 00:49:40 UTC] PHP Stack trace:
[10-Feb-2018 00:49:40 UTC] PHP   1. {main}() /home/ubuntu/workspace/tasklist/server.php:0
[10-Feb-2018 00:49:40 UTC] PHP   2. require_once() /home/ubuntu/workspace/tasklist/server.php:21
[10-Feb-2018 00:49:40 UTC] PHP   3. Illuminate\Foundation\Http\Kernel->handle() /home/ubuntu/workspace/tasklist/public/index.php:54
[10-Feb-2018 00:49:40 UTC] PHP   4. Illuminate\Foundation\Http\Kernel->sendRequestThroughRouter() /home/ubuntu/workspace/tasklist/vendor/laravel/framework/src/Illuminate/Foundation/Http/Kernel.php:87
[10-Feb-2018 00:49:40 UTC] PHP   5. Illuminate\Pipeline\Pipeline->then() /home/ubuntu/workspace/tasklist/vendor/laravel/framework/src/Illuminate/Foundation/Http/Kernel.php:122
[10-Feb-2018 00:49:40 UTC] PHP   6. call_user_func:{/home/ubuntu/workspace/tasklist/vendor/laravel/framework/src/Illuminate/Pipeline/Pipeline.php:103}() /home/ubuntu/workspace/tasklist/vendor/laravel/framework/src/Illuminate/Pipeline/Pipeline.php:103
[10-Feb-2018 00:49:40 UTC] PHP   7. Illuminate\Pipeline\Pipeline->Illuminate\Pipeline\{closure}() /home/ubuntu/workspace/tasklist/vendor/laravel/framework/src/Illuminate/Pipeline/Pipeline.php:103
[10-Feb-2018 00:49:40 UTC] PHP   8. call_user_func_array:{/home/ubuntu/workspace/tasklist/vendor/laravel/framework/src/Illuminate/Pipeline/Pipeline.php:124}() /home/ubuntu/workspace/tasklist/vendor/laravel/framework/src/Illuminate/Pipeline/Pipeline.php:124
[10-Feb-2018 00:49:40 UTC] PHP   9. Illuminate\Foundation\Http\Middleware\CheckForMaintenanceMode->handle() /home/ubuntu/workspace/tasklist/vendor/laravel/framework/src/Illuminate/Pipeline/Pipeline.php:124
[10-Feb-2018 00:49:40 UTC] PHP  10. Illuminate\Pipeline\Pipeline->Illuminate\Pipeline\{closure}() /home/ubuntu/workspace/tasklist/vendor/laravel/framework/src/Illuminate/Foundation/Http/Middleware/CheckForMaintenanceMode.php:44
[10-Feb-2018 00:49:40 UTC] PHP  11. call_user_func_array:{/home/ubuntu/workspace/tasklist/vendor/laravel/framework/src/Illuminate/Pipeline/Pipeline.php:124}() /home/ubuntu/workspace/tasklist/vendor/laravel/framework/src/Illuminate/Pipeline/Pipeline.php:124
[10-Feb-2018 00:49:40 UTC] PHP  12. Illuminate\Cookie\Middleware\EncryptCookies->handle() /home/ubuntu/workspace/tasklist/vendor/laravel/framework/src/Illuminate/Pipeline/Pipeline.php:124
[10-Feb-2018 00:49:40 UTC] PHP  13. Illuminate\Pipeline\Pipeline->Illuminate\Pipeline\{closure}() /home/ubuntu/workspace/tasklist/vendor/laravel/framework/src/Illuminate/Cookie/Middleware/EncryptCookies.php:59
[10-Feb-2018 00:49:40 UTC] PHP  14. call_user_func_array:{/home/ubuntu/workspace/tasklist/vendor/laravel/framework/src/Illuminate/Pipeline/Pipeline.php:124}() /home/ubuntu/workspace/tasklist/vendor/laravel/framework/src/Illuminate/Pipeline/Pipeline.php:124
[10-Feb-2018 00:49:40 UTC] PHP  15. Illuminate\Cookie\Middleware\AddQueuedCookiesToResponse->handle() /home/ubuntu/workspace/tasklist/vendor/laravel/framework/src/Illuminate/Pipeline/Pipeline.php:124
[10-Feb-2018 00:49:40 UTC] PHP  16. Illuminate\Pipeline\Pipeline->Illuminate\Pipeline\{closure}() /home/ubuntu/workspace/tasklist/vendor/laravel/framework/src/Illuminate/Cookie/Middleware/AddQueuedCookiesToResponse.php:37
[10-Feb-2018 00:49:40 UTC] PHP  17. call_user_func_array:{/home/ubuntu/workspace/tasklist/vendor/laravel/framework/src/Illuminate/Pipeline/Pipeline.php:124}() /home/ubuntu/workspace/tasklist/vendor/laravel/framework/src/Illuminate/Pipeline/Pipeline.php:124
[10-Feb-2018 00:49:40 UTC] PHP  18. Illuminate\Session\Middleware\StartSession->handle() /home/ubuntu/workspace/tasklist/vendor/laravel/framework/src/Illuminate/Pipeline/Pipeline.php:124
[10-Feb-2018 00:49:40 UTC] PHP  19. Illuminate\Pipeline\Pipeline->Illuminate\Pipeline\{closure}() /home/ubuntu/workspace/tasklist/vendor/laravel/framework/src/Illuminate/Session/Middleware/StartSession.php:62
[10-Feb-2018 00:49:40 UTC] PHP  20. call_user_func_array:{/home/ubuntu/workspace/tasklist/vendor/laravel/framework/src/Illuminate/Pipeline/Pipeline.php:124}() /home/ubuntu/workspace/tasklist/vendor/laravel/framework/src/Illuminate/Pipeline/Pipeline.php:124
[10-Feb-2018 00:49:40 UTC] PHP  21. Illuminate\View\Middleware\ShareErrorsFromSession->handle() /home/ubuntu/workspace/tasklist/vendor/laravel/framework/src/Illuminate/Pipeline/Pipeline.php:124
[10-Feb-2018 00:49:40 UTC] PHP  22. Illuminate\Pipeline\Pipeline->Illuminate\Pipeline\{closure}() /home/ubuntu/workspace/tasklist/vendor/laravel/framework/src/Illuminate/View/Middleware/ShareErrorsFromSession.php:49
[10-Feb-2018 00:49:40 UTC] PHP  23. call_user_func_array:{/home/ubuntu/workspace/tasklist/vendor/laravel/framework/src/Illuminate/Pipeline/Pipeline.php:124}() /home/ubuntu/workspace/tasklist/vendor/laravel/framework/src/Illuminate/Pipeline/Pipeline.php:124
[10-Feb-2018 00:49:40 UTC] PHP  24. Illuminate\Foundation\Http\Middleware\VerifyCsrfToken->handle() /home/ubuntu/workspace/tasklist/vendor/laravel/framework/src/Illuminate/Pipeline/Pipeline.php:124
[10-Feb-2018 00:49:40 UTC] PHP  25. Illuminate\Pipeline\Pipeline->Illuminate\Pipeline\{closure}() /home/ubuntu/workspace/tasklist/vendor/laravel/framework/src/Illuminate/Foundation/Http/Middleware/VerifyCsrfToken.php:50
[10-Feb-2018 00:49:40 UTC] PHP  26. call_user_func:{/home/ubuntu/workspace/tasklist/vendor/laravel/framework/src/Illuminate/Pipeline/Pipeline.php:139}() /home/ubuntu/workspace/tasklist/vendor/laravel/framework/src/Illuminate/Pipeline/Pipeline.php:139
[10-Feb-2018 00:49:40 UTC] PHP  27. Illuminate\Foundation\Http\Kernel->Illuminate\Foundation\Http\{closure}() /home/ubuntu/workspace/tasklist/vendor/laravel/framework/src/Illuminate/Pipeline/Pipeline.php:139
[10-Feb-2018 00:49:40 UTC] PHP  28. Illuminate\Routing\Router->dispatch() /home/ubuntu/workspace/tasklist/vendor/laravel/framework/src/Illuminate/Foundation/Http/Kernel.php:236
[10-Feb-2018 00:49:40 UTC] PHP  29. Illuminate\Routing\Router->dispatchToRoute() /home/ubuntu/workspace/tasklist/vendor/laravel/framework/src/Illuminate/Routing/Router.php:635
[10-Feb-2018 00:49:40 UTC] PHP  30. Illuminate\Routing\Router->runRouteWithinStack() /home/ubuntu/workspace/tasklist/vendor/laravel/framework/src/Illuminate/Routing/Router.php:675
[10-Feb-2018 00:49:40 UTC] PHP  31. Illuminate\Pipeline\Pipeline->then() /home/ubuntu/workspace/tasklist/vendor/laravel/framework/src/Illuminate/Routing/Router.php:710
[10-Feb-2018 00:49:40 UTC] PHP  32. call_user_func:{/home/ubuntu/workspace/tasklist/vendor/laravel/framework/src/Illuminate/Pipeline/Pipeline.php:103}() /home/ubuntu/workspace/tasklist/vendor/laravel/framework/src/Illuminate/Pipeline/Pipeline.php:103
[10-Feb-2018 00:49:40 UTC] PHP  33. Illuminate\Pipeline\Pipeline->Illuminate\Pipeline\{closure}() /home/ubuntu/workspace/tasklist/vendor/laravel/framework/src/Illuminate/Pipeline/Pipeline.php:103
[10-Feb-2018 00:49:40 UTC] PHP  34. call_user_func:{/home/ubuntu/workspace/tasklist/vendor/laravel/framework/src/Illuminate/Pipeline/Pipeline.php:139}() /home/ubuntu/workspace/tasklist/vendor/laravel/framework/src/Illuminate/Pipeline/Pipeline.php:139
[10-Feb-2018 00:49:40 UTC] PHP  35. Illuminate\Routing\Router->Illuminate\Routing\{closure}() /home/ubuntu/workspace/tasklist/vendor/laravel/framework/src/Illuminate/Pipeline/Pipeline.php:139
[10-Feb-2018 00:49:40 UTC] PHP  36. Illuminate\Routing\Route->run() /home/ubuntu/workspace/tasklist/vendor/laravel/framework/src/Illuminate/Routing/Router.php:708
[10-Feb-2018 00:49:40 UTC] PHP  37. Illuminate\Routing\Route->runWithCustomDispatcher() /home/ubuntu/workspace/tasklist/vendor/laravel/framework/src/Illuminate/Routing/Route.php:134
[10-Feb-2018 00:49:40 UTC] PHP  38. Illuminate\Routing\ControllerDispatcher->dispatch() /home/ubuntu/workspace/tasklist/vendor/laravel/framework/src/Illuminate/Routing/Route.php:203
[10-Feb-2018 00:49:40 UTC] PHP  39. Illuminate\Routing\ControllerDispatcher->callWithinStack() /home/ubuntu/workspace/tasklist/vendor/laravel/framework/src/Illuminate/Routing/ControllerDispatcher.php:69
[10-Feb-2018 00:49:40 UTC] PHP  40. Illuminate\Pipeline\Pipeline->then() /home/ubuntu/workspace/tasklist/vendor/laravel/framework/src/Illuminate/Routing/ControllerDispatcher.php:114
[10-Feb-2018 00:49:40 UTC] PHP  41. call_user_func:{/home/ubuntu/workspace/tasklist/vendor/laravel/framework/src/Illuminate/Pipeline/Pipeline.php:103}() /home/ubuntu/workspace/tasklist/vendor/laravel/framework/src/Illuminate/Pipeline/Pipeline.php:103
[10-Feb-2018 00:49:40 UTC] PHP  42. Illuminate\Pipeline\Pipeline->Illuminate\Pipeline\{closure}() /home/ubuntu/workspace/tasklist/vendor/laravel/framework/src/Illuminate/Pipeline/Pipeline.php:103
[10-Feb-2018 00:49:40 UTC] PHP  43. call_user_func:{/home/ubuntu/workspace/tasklist/vendor/laravel/framework/src/Illuminate/Pipeline/Pipeline.php:139}() /home/ubuntu/workspace/tasklist/vendor/laravel/framework/src/Illuminate/Pipeline/Pipeline.php:139
[10-Feb-2018 00:49:40 UTC] PHP  44. Illuminate\Routing\ControllerDispatcher->Illuminate\Routing\{closure}() /home/ubuntu/workspace/tasklist/vendor/laravel/framework/src/Illuminate/Pipeline/Pipeline.php:139
[10-Feb-2018 00:49:40 UTC] PHP  45. Illuminate\Routing\ControllerDispatcher->call() /home/ubuntu/workspace/tasklist/vendor/laravel/framework/src/Illuminate/Routing/ControllerDispatcher.php:112
[10-Feb-2018 00:49:40 UTC] PHP  46. Illuminate\Routing\Controller->callAction() /home/ubuntu/workspace/tasklist/vendor/laravel/framework/src/Illuminate/Routing/ControllerDispatcher.php:164
[10-Feb-2018 00:49:40 UTC] PHP  47. call_user_func_array:{/home/ubuntu/workspace/tasklist/vendor/laravel/framework/src/Illuminate/Routing/Controller.php:256}() /home/ubuntu/workspace/tasklist/vendor/laravel/framework/src/Illuminate/Routing/Controller.php:256
[10-Feb-2018 00:49:40 UTC] PHP  48. App\Http\Controllers\TasksController->show() /home/ubuntu/workspace/tasklist/vendor/laravel/framework/src/Illuminate/Routing/Controller.php:256
[12-Feb-2018 10:52:30 UTC] PHP Parse error:  syntax error, unexpected ')', expecting ',' or ';' in /home/ubuntu/workspace/tasklist/storage/framework/views/99a554185f2130d452cf282627ecf4bf on line 24
[12-Feb-2018 10:52:30 UTC] PHP Stack trace:
[12-Feb-2018 10:52:30 UTC] PHP   1. {main}() /home/ubuntu/workspace/tasklist/server.php:0
[12-Feb-2018 10:52:30 UTC] PHP   2. require_once() /home/ubuntu/workspace/tasklist/server.php:21
[12-Feb-2018 10:52:30 UTC] PHP   3. Illuminate\Foundation\Http\Kernel->handle() /home/ubuntu/workspace/tasklist/public/index.php:54
[12-Feb-2018 10:52:30 UTC] PHP   4. Illuminate\Foundation\Http\Kernel->sendRequestThroughRouter() /home/ubuntu/workspace/tasklist/vendor/laravel/framework/src/Illuminate/Foundation/Http/Kernel.php:87
[12-Feb-2018 10:52:30 UTC] PHP   5. Illuminate\Pipeline\Pipeline->then() /home/ubuntu/workspace/tasklist/vendor/laravel/framework/src/Illuminate/Foundation/Http/Kernel.php:122
[12-Feb-2018 10:52:30 UTC] PHP   6. call_user_func:{/home/ubuntu/workspace/tasklist/vendor/laravel/framework/src/Illuminate/Pipeline/Pipeline.php:103}() /home/ubuntu/workspace/tasklist/vendor/laravel/framework/src/Illuminate/Pipeline/Pipeline.php:103
[12-Feb-2018 10:52:30 UTC] PHP   7. Illuminate\Pipeline\Pipeline->Illuminate\Pipeline\{closure}() /home/ubuntu/workspace/tasklist/vendor/laravel/framework/src/Illuminate/Pipeline/Pipeline.php:103
[12-Feb-2018 10:52:30 UTC] PHP   8. call_user_func_array:{/home/ubuntu/workspace/tasklist/vendor/laravel/framework/src/Illuminate/Pipeline/Pipeline.php:124}() /home/ubuntu/workspace/tasklist/vendor/laravel/framework/src/Illuminate/Pipeline/Pipeline.php:124
[12-Feb-2018 10:52:30 UTC] PHP   9. Illuminate\Foundation\Http\Middleware\CheckForMaintenanceMode->handle() /home/ubuntu/workspace/tasklist/vendor/laravel/framework/src/Illuminate/Pipeline/Pipeline.php:124
[12-Feb-2018 10:52:30 UTC] PHP  10. Illuminate\Pipeline\Pipeline->Illuminate\Pipeline\{closure}() /home/ubuntu/workspace/tasklist/vendor/laravel/framework/src/Illuminate/Foundation/Http/Middleware/CheckForMaintenanceMode.php:44
[12-Feb-2018 10:52:30 UTC] PHP  11. call_user_func_array:{/home/ubuntu/workspace/tasklist/vendor/laravel/framework/src/Illuminate/Pipeline/Pipeline.php:124}() /home/ubuntu/workspace/tasklist/vendor/laravel/framework/src/Illuminate/Pipeline/Pipeline.php:124
[12-Feb-2018 10:52:30 UTC] PHP  12. Illuminate\Cookie\Middleware\EncryptCookies->handle() /home/ubuntu/workspace/tasklist/vendor/laravel/framework/src/Illuminate/Pipeline/Pipeline.php:124
[12-Feb-2018 10:52:30 UTC] PHP  13. Illuminate\Pipeline\Pipeline->Illuminate\Pipeline\{closure}() /home/ubuntu/workspace/tasklist/vendor/laravel/framework/src/Illuminate/Cookie/Middleware/EncryptCookies.php:59
[12-Feb-2018 10:52:30 UTC] PHP  14. call_user_func_array:{/home/ubuntu/workspace/tasklist/vendor/laravel/framework/src/Illuminate/Pipeline/Pipeline.php:124}() /home/ubuntu/workspace/tasklist/vendor/laravel/framework/src/Illuminate/Pipeline/Pipeline.php:124
[12-Feb-2018 10:52:30 UTC] PHP  15. Illuminate\Cookie\Middleware\AddQueuedCookiesToResponse->handle() /home/ubuntu/workspace/tasklist/vendor/laravel/framework/src/Illuminate/Pipeline/Pipeline.php:124
[12-Feb-2018 10:52:30 UTC] PHP  16. Illuminate\Pipeline\Pipeline->Illuminate\Pipeline\{closure}() /home/ubuntu/workspace/tasklist/vendor/laravel/framework/src/Illuminate/Cookie/Middleware/AddQueuedCookiesToResponse.php:37
[12-Feb-2018 10:52:30 UTC] PHP  17. call_user_func_array:{/home/ubuntu/workspace/tasklist/vendor/laravel/framework/src/Illuminate/Pipeline/Pipeline.php:124}() /home/ubuntu/workspace/tasklist/vendor/laravel/framework/src/Illuminate/Pipeline/Pipeline.php:124
[12-Feb-2018 10:52:30 UTC] PHP  18. Illuminate\Session\Middleware\StartSession->handle() /home/ubuntu/workspace/tasklist/vendor/laravel/framework/src/Illuminate/Pipeline/Pipeline.php:124
[12-Feb-2018 10:52:30 UTC] PHP  19. Illuminate\Pipeline\Pipeline->Illuminate\Pipeline\{closure}() /home/ubuntu/workspace/tasklist/vendor/laravel/framework/src/Illuminate/Session/Middleware/StartSession.php:62
[12-Feb-2018 10:52:30 UTC] PHP  20. call_user_func_array:{/home/ubuntu/workspace/tasklist/vendor/laravel/framework/src/Illuminate/Pipeline/Pipeline.php:124}() /home/ubuntu/workspace/tasklist/vendor/laravel/framework/src/Illuminate/Pipeline/Pipeline.php:124
[12-Feb-2018 10:52:30 UTC] PHP  21. Illuminate\View\Middleware\ShareErrorsFromSession->handle() /home/ubuntu/workspace/tasklist/vendor/laravel/framework/src/Illuminate/Pipeline/Pipeline.php:124
[12-Feb-2018 10:52:30 UTC] PHP  22. Illuminate\Pipeline\Pipeline->Illuminate\Pipeline\{closure}() /home/ubuntu/workspace/tasklist/vendor/laravel/framework/src/Illuminate/View/Middleware/ShareErrorsFromSession.php:49
[12-Feb-2018 10:52:30 UTC] PHP  23. call_user_func_array:{/home/ubuntu/workspace/tasklist/vendor/laravel/framework/src/Illuminate/Pipeline/Pipeline.php:124}() /home/ubuntu/workspace/tasklist/vendor/laravel/framework/src/Illuminate/Pipeline/Pipeline.php:124
[12-Feb-2018 10:52:30 UTC] PHP  24. Illuminate\Foundation\Http\Middleware\VerifyCsrfToken->handle() /home/ubuntu/workspace/tasklist/vendor/laravel/framework/src/Illuminate/Pipeline/Pipeline.php:124
[12-Feb-2018 10:52:30 UTC] PHP  25. Illuminate\Pipeline\Pipeline->Illuminate\Pipeline\{closure}() /home/ubuntu/workspace/tasklist/vendor/laravel/framework/src/Illuminate/Foundation/Http/Middleware/VerifyCsrfToken.php:50
[12-Feb-2018 10:52:30 UTC] PHP  26. call_user_func:{/home/ubuntu/workspace/tasklist/vendor/laravel/framework/src/Illuminate/Pipeline/Pipeline.php:139}() /home/ubuntu/workspace/tasklist/vendor/laravel/framework/src/Illuminate/Pipeline/Pipeline.php:139
[12-Feb-2018 10:52:30 UTC] PHP  27. Illuminate\Foundation\Http\Kernel->Illuminate\Foundation\Http\{closure}() /home/ubuntu/workspace/tasklist/vendor/laravel/framework/src/Illuminate/Pipeline/Pipeline.php:139
[12-Feb-2018 10:52:30 UTC] PHP  28. Illuminate\Routing\Router->dispatch() /home/ubuntu/workspace/tasklist/vendor/laravel/framework/src/Illuminate/Foundation/Http/Kernel.php:236
[12-Feb-2018 10:52:30 UTC] PHP  29. Illuminate\Routing\Router->dispatchToRoute() /home/ubuntu/workspace/tasklist/vendor/laravel/framework/src/Illuminate/Routing/Router.php:635
[12-Feb-2018 10:52:30 UTC] PHP  30. Illuminate\Routing\Router->runRouteWithinStack() /home/ubuntu/workspace/tasklist/vendor/laravel/framework/src/Illuminate/Routing/Router.php:675
[12-Feb-2018 10:52:30 UTC] PHP  31. Illuminate\Pipeline\Pipeline->then() /home/ubuntu/workspace/tasklist/vendor/laravel/framework/src/Illuminate/Routing/Router.php:710
[12-Feb-2018 10:52:30 UTC] PHP  32. call_user_func:{/home/ubuntu/workspace/tasklist/vendor/laravel/framework/src/Illuminate/Pipeline/Pipeline.php:103}() /home/ubuntu/workspace/tasklist/vendor/laravel/framework/src/Illuminate/Pipeline/Pipeline.php:103
[12-Feb-2018 10:52:30 UTC] PHP  33. Illuminate\Pipeline\Pipeline->Illuminate\Pipeline\{closure}() /home/ubuntu/workspace/tasklist/vendor/laravel/framework/src/Illuminate/Pipeline/Pipeline.php:103
[12-Feb-2018 10:52:30 UTC] PHP  34. call_user_func:{/home/ubuntu/workspace/tasklist/vendor/laravel/framework/src/Illuminate/Pipeline/Pipeline.php:139}() /home/ubuntu/workspace/tasklist/vendor/laravel/framework/src/Illuminate/Pipeline/Pipeline.php:139
[12-Feb-2018 10:52:30 UTC] PHP  35. Illuminate\Routing\Router->Illuminate\Routing\{closure}() /home/ubuntu/workspace/tasklist/vendor/laravel/framework/src/Illuminate/Pipeline/Pipeline.php:139
[12-Feb-2018 10:52:30 UTC] PHP  36. Illuminate\Routing\Route->run() /home/ubuntu/workspace/tasklist/vendor/laravel/framework/src/Illuminate/Routing/Router.php:708
[12-Feb-2018 10:52:30 UTC] PHP  37. Illuminate\Routing\Route->runWithCustomDispatcher() /home/ubuntu/workspace/tasklist/vendor/laravel/framework/src/Illuminate/Routing/Route.php:134
[12-Feb-2018 10:52:30 UTC] PHP  38. Illuminate\Routing\ControllerDispatcher->dispatch() /home/ubuntu/workspace/tasklist/vendor/laravel/framework/src/Illuminate/Routing/Route.php:203
[12-Feb-2018 10:52:30 UTC] PHP  39. Illuminate\Routing\ControllerDispatcher->callWithinStack() /home/ubuntu/workspace/tasklist/vendor/laravel/framework/src/Illuminate/Routing/ControllerDispatcher.php:69
[12-Feb-2018 10:52:30 UTC] PHP  40. Illuminate\Pipeline\Pipeline->then() /home/ubuntu/workspace/tasklist/vendor/laravel/framework/src/Illuminate/Routing/ControllerDispatcher.php:114
[12-Feb-2018 10:52:30 UTC] PHP  41. call_user_func:{/home/ubuntu/workspace/tasklist/vendor/laravel/framework/src/Illuminate/Pipeline/Pipeline.php:103}() /home/ubuntu/workspace/tasklist/vendor/laravel/framework/src/Illuminate/Pipeline/Pipeline.php:103
[12-Feb-2018 10:52:30 UTC] PHP  42. Illuminate\Pipeline\Pipeline->Illuminate\Pipeline\{closure}() /home/ubuntu/workspace/tasklist/vendor/laravel/framework/src/Illuminate/Pipeline/Pipeline.php:103
[12-Feb-2018 10:52:30 UTC] PHP  43. call_user_func:{/home/ubuntu/workspace/tasklist/vendor/laravel/framework/src/Illuminate/Pipeline/Pipeline.php:139}() /home/ubuntu/workspace/tasklist/vendor/laravel/framework/src/Illuminate/Pipeline/Pipeline.php:139
[12-Feb-2018 10:52:30 UTC] PHP  44. Illuminate\Routing\ControllerDispatcher->Illuminate\Routing\{closure}() /home/ubuntu/workspace/tasklist/vendor/laravel/framework/src/Illuminate/Pipeline/Pipeline.php:139
[12-Feb-2018 10:52:30 UTC] PHP  45. Illuminate\Routing\Router->prepareResponse() /home/ubuntu/workspace/tasklist/vendor/laravel/framework/src/Illuminate/Routing/ControllerDispatcher.php:113
[12-Feb-2018 10:52:30 UTC] PHP  46. Symfony\Component\HttpFoundation\Response->__construct() /home/ubuntu/workspace/tasklist/vendor/laravel/framework/src/Illuminate/Routing/Router.php:1229
[12-Feb-2018 10:52:30 UTC] PHP  47. Illuminate\Http\Response->setContent() /home/ubuntu/workspace/tasklist/vendor/symfony/http-foundation/Response.php:201
[12-Feb-2018 10:52:30 UTC] PHP  48. Illuminate\View\View->render() /home/ubuntu/workspace/tasklist/vendor/laravel/framework/src/Illuminate/Http/Response.php:51
[12-Feb-2018 10:52:30 UTC] PHP  49. Illuminate\View\View->renderContents() /home/ubuntu/workspace/tasklist/vendor/laravel/framework/src/Illuminate/View/View.php:83
[12-Feb-2018 10:52:30 UTC] PHP  50. Illuminate\View\View->getContents() /home/ubuntu/workspace/tasklist/vendor/laravel/framework/src/Illuminate/View/View.php:118
[12-Feb-2018 10:52:30 UTC] PHP  51. Illuminate\View\Engines\CompilerEngine->get() /home/ubuntu/workspace/tasklist/vendor/laravel/framework/src/Illuminate/View/View.php:147
[12-Feb-2018 10:52:30 UTC] PHP  52. Illuminate\View\Engines\PhpEngine->evaluatePath() /home/ubuntu/workspace/tasklist/vendor/laravel/framework/src/Illuminate/View/Engines/CompilerEngine.php:58
[12-Feb-2018 11:02:58 UTC] PHP Parse error:  syntax error, unexpected ')', expecting ',' or ';' in /home/ubuntu/workspace/tasklist/storage/framework/views/307f30a8f327e97b7feb155b3c418fd2 on line 13
[12-Feb-2018 11:02:58 UTC] PHP Stack trace:
[12-Feb-2018 11:02:58 UTC] PHP   1. {main}() /home/ubuntu/workspace/tasklist/server.php:0
[12-Feb-2018 11:02:58 UTC] PHP   2. require_once() /home/ubuntu/workspace/tasklist/server.php:21
[12-Feb-2018 11:02:58 UTC] PHP   3. Illuminate\Foundation\Http\Kernel->handle() /home/ubuntu/workspace/tasklist/public/index.php:54
[12-Feb-2018 11:02:58 UTC] PHP   4. Illuminate\Foundation\Http\Kernel->sendRequestThroughRouter() /home/ubuntu/workspace/tasklist/vendor/laravel/framework/src/Illuminate/Foundation/Http/Kernel.php:87
[12-Feb-2018 11:02:58 UTC] PHP   5. Illuminate\Pipeline\Pipeline->then() /home/ubuntu/workspace/tasklist/vendor/laravel/framework/src/Illuminate/Foundation/Http/Kernel.php:122
[12-Feb-2018 11:02:58 UTC] PHP   6. call_user_func:{/home/ubuntu/workspace/tasklist/vendor/laravel/framework/src/Illuminate/Pipeline/Pipeline.php:103}() /home/ubuntu/workspace/tasklist/vendor/laravel/framework/src/Illuminate/Pipeline/Pipeline.php:103
[12-Feb-2018 11:02:58 UTC] PHP   7. Illuminate\Pipeline\Pipeline->Illuminate\Pipeline\{closure}() /home/ubuntu/workspace/tasklist/vendor/laravel/framework/src/Illuminate/Pipeline/Pipeline.php:103
[12-Feb-2018 11:02:58 UTC] PHP   8. call_user_func_array:{/home/ubuntu/workspace/tasklist/vendor/laravel/framework/src/Illuminate/Pipeline/Pipeline.php:124}() /home/ubuntu/workspace/tasklist/vendor/laravel/framework/src/Illuminate/Pipeline/Pipeline.php:124
[12-Feb-2018 11:02:58 UTC] PHP   9. Illuminate\Foundation\Http\Middleware\CheckForMaintenanceMode->handle() /home/ubuntu/workspace/tasklist/vendor/laravel/framework/src/Illuminate/Pipeline/Pipeline.php:124
[12-Feb-2018 11:02:58 UTC] PHP  10. Illuminate\Pipeline\Pipeline->Illuminate\Pipeline\{closure}() /home/ubuntu/workspace/tasklist/vendor/laravel/framework/src/Illuminate/Foundation/Http/Middleware/CheckForMaintenanceMode.php:44
[12-Feb-2018 11:02:58 UTC] PHP  11. call_user_func_array:{/home/ubuntu/workspace/tasklist/vendor/laravel/framework/src/Illuminate/Pipeline/Pipeline.php:124}() /home/ubuntu/workspace/tasklist/vendor/laravel/framework/src/Illuminate/Pipeline/Pipeline.php:124
[12-Feb-2018 11:02:58 UTC] PHP  12. Illuminate\Cookie\Middleware\EncryptCookies->handle() /home/ubuntu/workspace/tasklist/vendor/laravel/framework/src/Illuminate/Pipeline/Pipeline.php:124
[12-Feb-2018 11:02:58 UTC] PHP  13. Illuminate\Pipeline\Pipeline->Illuminate\Pipeline\{closure}() /home/ubuntu/workspace/tasklist/vendor/laravel/framework/src/Illuminate/Cookie/Middleware/EncryptCookies.php:59
[12-Feb-2018 11:02:58 UTC] PHP  14. call_user_func_array:{/home/ubuntu/workspace/tasklist/vendor/laravel/framework/src/Illuminate/Pipeline/Pipeline.php:124}() /home/ubuntu/workspace/tasklist/vendor/laravel/framework/src/Illuminate/Pipeline/Pipeline.php:124
[12-Feb-2018 11:02:58 UTC] PHP  15. Illuminate\Cookie\Middleware\AddQueuedCookiesToResponse->handle() /home/ubuntu/workspace/tasklist/vendor/laravel/framework/src/Illuminate/Pipeline/Pipeline.php:124
[12-Feb-2018 11:02:58 UTC] PHP  16. Illuminate\Pipeline\Pipeline->Illuminate\Pipeline\{closure}() /home/ubuntu/workspace/tasklist/vendor/laravel/framework/src/Illuminate/Cookie/Middleware/AddQueuedCookiesToResponse.php:37
[12-Feb-2018 11:02:58 UTC] PHP  17. call_user_func_array:{/home/ubuntu/workspace/tasklist/vendor/laravel/framework/src/Illuminate/Pipeline/Pipeline.php:124}() /home/ubuntu/workspace/tasklist/vendor/laravel/framework/src/Illuminate/Pipeline/Pipeline.php:124
[12-Feb-2018 11:02:58 UTC] PHP  18. Illuminate\Session\Middleware\StartSession->handle() /home/ubuntu/workspace/tasklist/vendor/laravel/framework/src/Illuminate/Pipeline/Pipeline.php:124
[12-Feb-2018 11:02:58 UTC] PHP  19. Illuminate\Pipeline\Pipeline->Illuminate\Pipeline\{closure}() /home/ubuntu/workspace/tasklist/vendor/laravel/framework/src/Illuminate/Session/Middleware/StartSession.php:62
[12-Feb-2018 11:02:58 UTC] PHP  20. call_user_func_array:{/home/ubuntu/workspace/tasklist/vendor/laravel/framework/src/Illuminate/Pipeline/Pipeline.php:124}() /home/ubuntu/workspace/tasklist/vendor/laravel/framework/src/Illuminate/Pipeline/Pipeline.php:124
[12-Feb-2018 11:02:58 UTC] PHP  21. Illuminate\View\Middleware\ShareErrorsFromSession->handle() /home/ubuntu/workspace/tasklist/vendor/laravel/framework/src/Illuminate/Pipeline/Pipeline.php:124
[12-Feb-2018 11:02:58 UTC] PHP  22. Illuminate\Pipeline\Pipeline->Illuminate\Pipeline\{closure}() /home/ubuntu/workspace/tasklist/vendor/laravel/framework/src/Illuminate/View/Middleware/ShareErrorsFromSession.php:49
[12-Feb-2018 11:02:58 UTC] PHP  23. call_user_func_array:{/home/ubuntu/workspace/tasklist/vendor/laravel/framework/src/Illuminate/Pipeline/Pipeline.php:124}() /home/ubuntu/workspace/tasklist/vendor/laravel/framework/src/Illuminate/Pipeline/Pipeline.php:124
[12-Feb-2018 11:02:58 UTC] PHP  24. Illuminate\Foundation\Http\Middleware\VerifyCsrfToken->handle() /home/ubuntu/workspace/tasklist/vendor/laravel/framework/src/Illuminate/Pipeline/Pipeline.php:124
[12-Feb-2018 11:02:58 UTC] PHP  25. Illuminate\Pipeline\Pipeline->Illuminate\Pipeline\{closure}() /home/ubuntu/workspace/tasklist/vendor/laravel/framework/src/Illuminate/Foundation/Http/Middleware/VerifyCsrfToken.php:50
[12-Feb-2018 11:02:58 UTC] PHP  26. call_user_func:{/home/ubuntu/workspace/tasklist/vendor/laravel/framework/src/Illuminate/Pipeline/Pipeline.php:139}() /home/ubuntu/workspace/tasklist/vendor/laravel/framework/src/Illuminate/Pipeline/Pipeline.php:139
[12-Feb-2018 11:02:58 UTC] PHP  27. Illuminate\Foundation\Http\Kernel->Illuminate\Foundation\Http\{closure}() /home/ubuntu/workspace/tasklist/vendor/laravel/framework/src/Illuminate/Pipeline/Pipeline.php:139
[12-Feb-2018 11:02:58 UTC] PHP  28. Illuminate\Routing\Router->dispatch() /home/ubuntu/workspace/tasklist/vendor/laravel/framework/src/Illuminate/Foundation/Http/Kernel.php:236
[12-Feb-2018 11:02:58 UTC] PHP  29. Illuminate\Routing\Router->dispatchToRoute() /home/ubuntu/workspace/tasklist/vendor/laravel/framework/src/Illuminate/Routing/Router.php:635
[12-Feb-2018 11:02:58 UTC] PHP  30. Illuminate\Routing\Router->runRouteWithinStack() /home/ubuntu/workspace/tasklist/vendor/laravel/framework/src/Illuminate/Routing/Router.php:675
[12-Feb-2018 11:02:58 UTC] PHP  31. Illuminate\Pipeline\Pipeline->then() /home/ubuntu/workspace/tasklist/vendor/laravel/framework/src/Illuminate/Routing/Router.php:710
[12-Feb-2018 11:02:58 UTC] PHP  32. call_user_func:{/home/ubuntu/workspace/tasklist/vendor/laravel/framework/src/Illuminate/Pipeline/Pipeline.php:103}() /home/ubuntu/workspace/tasklist/vendor/laravel/framework/src/Illuminate/Pipeline/Pipeline.php:103
[12-Feb-2018 11:02:58 UTC] PHP  33. Illuminate\Pipeline\Pipeline->Illuminate\Pipeline\{closure}() /home/ubuntu/workspace/tasklist/vendor/laravel/framework/src/Illuminate/Pipeline/Pipeline.php:103
[12-Feb-2018 11:02:58 UTC] PHP  34. call_user_func:{/home/ubuntu/workspace/tasklist/vendor/laravel/framework/src/Illuminate/Pipeline/Pipeline.php:139}() /home/ubuntu/workspace/tasklist/vendor/laravel/framework/src/Illuminate/Pipeline/Pipeline.php:139
[12-Feb-2018 11:02:58 UTC] PHP  35. Illuminate\Routing\Router->Illuminate\Routing\{closure}() /home/ubuntu/workspace/tasklist/vendor/laravel/framework/src/Illuminate/Pipeline/Pipeline.php:139
[12-Feb-2018 11:02:58 UTC] PHP  36. Illuminate\Routing\Route->run() /home/ubuntu/workspace/tasklist/vendor/laravel/framework/src/Illuminate/Routing/Router.php:708
[12-Feb-2018 11:02:58 UTC] PHP  37. Illuminate\Routing\Route->runWithCustomDispatcher() /home/ubuntu/workspace/tasklist/vendor/laravel/framework/src/Illuminate/Routing/Route.php:134
[12-Feb-2018 11:02:58 UTC] PHP  38. Illuminate\Routing\ControllerDispatcher->dispatch() /home/ubuntu/workspace/tasklist/vendor/laravel/framework/src/Illuminate/Routing/Route.php:203
[12-Feb-2018 11:02:58 UTC] PHP  39. Illuminate\Routing\ControllerDispatcher->callWithinStack() /home/ubuntu/workspace/tasklist/vendor/laravel/framework/src/Illuminate/Routing/ControllerDispatcher.php:69
[12-Feb-2018 11:02:58 UTC] PHP  40. Illuminate\Pipeline\Pipeline->then() /home/ubuntu/workspace/tasklist/vendor/laravel/framework/src/Illuminate/Routing/ControllerDispatcher.php:114
[12-Feb-2018 11:02:58 UTC] PHP  41. call_user_func:{/home/ubuntu/workspace/tasklist/vendor/laravel/framework/src/Illuminate/Pipeline/Pipeline.php:103}() /home/ubuntu/workspace/tasklist/vendor/laravel/framework/src/Illuminate/Pipeline/Pipeline.php:103
[12-Feb-2018 11:02:58 UTC] PHP  42. Illuminate\Pipeline\Pipeline->Illuminate\Pipeline\{closure}() /home/ubuntu/workspace/tasklist/vendor/laravel/framework/src/Illuminate/Pipeline/Pipeline.php:103
[12-Feb-2018 11:02:58 UTC] PHP  43. call_user_func:{/home/ubuntu/workspace/tasklist/vendor/laravel/framework/src/Illuminate/Pipeline/Pipeline.php:139}() /home/ubuntu/workspace/tasklist/vendor/laravel/framework/src/Illuminate/Pipeline/Pipeline.php:139
[12-Feb-2018 11:02:58 UTC] PHP  44. Illuminate\Routing\ControllerDispatcher->Illuminate\Routing\{closure}() /home/ubuntu/workspace/tasklist/vendor/laravel/framework/src/Illuminate/Pipeline/Pipeline.php:139
[12-Feb-2018 11:02:58 UTC] PHP  45. Illuminate\Routing\Router->prepareResponse() /home/ubuntu/workspace/tasklist/vendor/laravel/framework/src/Illuminate/Routing/ControllerDispatcher.php:113
[12-Feb-2018 11:02:58 UTC] PHP  46. Symfony\Component\HttpFoundation\Response->__construct() /home/ubuntu/workspace/tasklist/vendor/laravel/framework/src/Illuminate/Routing/Router.php:1229
[12-Feb-2018 11:02:58 UTC] PHP  47. Illuminate\Http\Response->setContent() /home/ubuntu/workspace/tasklist/vendor/symfony/http-foundation/Response.php:201
[12-Feb-2018 11:02:58 UTC] PHP  48. Illuminate\View\View->render() /home/ubuntu/workspace/tasklist/vendor/laravel/framework/src/Illuminate/Http/Response.php:51
[12-Feb-2018 11:02:58 UTC] PHP  49. Illuminate\View\View->renderContents() /home/ubuntu/workspace/tasklist/vendor/laravel/framework/src/Illuminate/View/View.php:83
[12-Feb-2018 11:02:58 UTC] PHP  50. Illuminate\View\View->getContents() /home/ubuntu/workspace/tasklist/vendor/laravel/framework/src/Illuminate/View/View.php:118
[12-Feb-2018 11:02:58 UTC] PHP  51. Illuminate\View\Engines\CompilerEngine->get() /home/ubuntu/workspace/tasklist/vendor/laravel/framework/src/Illuminate/View/View.php:147
[12-Feb-2018 11:02:58 UTC] PHP  52. Illuminate\View\Engines\PhpEngine->evaluatePath() /home/ubuntu/workspace/tasklist/vendor/laravel/framework/src/Illuminate/View/Engines/CompilerEngine.php:58
[12-Feb-2018 11:03:23 UTC] PHP Parse error:  syntax error, unexpected ')', expecting ',' or ';' in /home/ubuntu/workspace/tasklist/storage/framework/views/307f30a8f327e97b7feb155b3c418fd2 on line 13
[12-Feb-2018 11:03:23 UTC] PHP Stack trace:
[12-Feb-2018 11:03:23 UTC] PHP   1. {main}() /home/ubuntu/workspace/tasklist/server.php:0
[12-Feb-2018 11:03:23 UTC] PHP   2. require_once() /home/ubuntu/workspace/tasklist/server.php:21
[12-Feb-2018 11:03:23 UTC] PHP   3. Illuminate\Foundation\Http\Kernel->handle() /home/ubuntu/workspace/tasklist/public/index.php:54
[12-Feb-2018 11:03:23 UTC] PHP   4. Illuminate\Foundation\Http\Kernel->sendRequestThroughRouter() /home/ubuntu/workspace/tasklist/vendor/laravel/framework/src/Illuminate/Foundation/Http/Kernel.php:87
[12-Feb-2018 11:03:23 UTC] PHP   5. Illuminate\Pipeline\Pipeline->then() /home/ubuntu/workspace/tasklist/vendor/laravel/framework/src/Illuminate/Foundation/Http/Kernel.php:122
[12-Feb-2018 11:03:23 UTC] PHP   6. call_user_func:{/home/ubuntu/workspace/tasklist/vendor/laravel/framework/src/Illuminate/Pipeline/Pipeline.php:103}() /home/ubuntu/workspace/tasklist/vendor/laravel/framework/src/Illuminate/Pipeline/Pipeline.php:103
[12-Feb-2018 11:03:23 UTC] PHP   7. Illuminate\Pipeline\Pipeline->Illuminate\Pipeline\{closure}() /home/ubuntu/workspace/tasklist/vendor/laravel/framework/src/Illuminate/Pipeline/Pipeline.php:103
[12-Feb-2018 11:03:23 UTC] PHP   8. call_user_func_array:{/home/ubuntu/workspace/tasklist/vendor/laravel/framework/src/Illuminate/Pipeline/Pipeline.php:124}() /home/ubuntu/workspace/tasklist/vendor/laravel/framework/src/Illuminate/Pipeline/Pipeline.php:124
[12-Feb-2018 11:03:23 UTC] PHP   9. Illuminate\Foundation\Http\Middleware\CheckForMaintenanceMode->handle() /home/ubuntu/workspace/tasklist/vendor/laravel/framework/src/Illuminate/Pipeline/Pipeline.php:124
[12-Feb-2018 11:03:23 UTC] PHP  10. Illuminate\Pipeline\Pipeline->Illuminate\Pipeline\{closure}() /home/ubuntu/workspace/tasklist/vendor/laravel/framework/src/Illuminate/Foundation/Http/Middleware/CheckForMaintenanceMode.php:44
[12-Feb-2018 11:03:23 UTC] PHP  11. call_user_func_array:{/home/ubuntu/workspace/tasklist/vendor/laravel/framework/src/Illuminate/Pipeline/Pipeline.php:124}() /home/ubuntu/workspace/tasklist/vendor/laravel/framework/src/Illuminate/Pipeline/Pipeline.php:124
[12-Feb-2018 11:03:23 UTC] PHP  12. Illuminate\Cookie\Middleware\EncryptCookies->handle() /home/ubuntu/workspace/tasklist/vendor/laravel/framework/src/Illuminate/Pipeline/Pipeline.php:124
[12-Feb-2018 11:03:23 UTC] PHP  13. Illuminate\Pipeline\Pipeline->Illuminate\Pipeline\{closure}() /home/ubuntu/workspace/tasklist/vendor/laravel/framework/src/Illuminate/Cookie/Middleware/EncryptCookies.php:59
[12-Feb-2018 11:03:23 UTC] PHP  14. call_user_func_array:{/home/ubuntu/workspace/tasklist/vendor/laravel/framework/src/Illuminate/Pipeline/Pipeline.php:124}() /home/ubuntu/workspace/tasklist/vendor/laravel/framework/src/Illuminate/Pipeline/Pipeline.php:124
[12-Feb-2018 11:03:23 UTC] PHP  15. Illuminate\Cookie\Middleware\AddQueuedCookiesToResponse->handle() /home/ubuntu/workspace/tasklist/vendor/laravel/framework/src/Illuminate/Pipeline/Pipeline.php:124
[12-Feb-2018 11:03:23 UTC] PHP  16. Illuminate\Pipeline\Pipeline->Illuminate\Pipeline\{closure}() /home/ubuntu/workspace/tasklist/vendor/laravel/framework/src/Illuminate/Cookie/Middleware/AddQueuedCookiesToResponse.php:37
[12-Feb-2018 11:03:23 UTC] PHP  17. call_user_func_array:{/home/ubuntu/workspace/tasklist/vendor/laravel/framework/src/Illuminate/Pipeline/Pipeline.php:124}() /home/ubuntu/workspace/tasklist/vendor/laravel/framework/src/Illuminate/Pipeline/Pipeline.php:124
[12-Feb-2018 11:03:23 UTC] PHP  18. Illuminate\Session\Middleware\StartSession->handle() /home/ubuntu/workspace/tasklist/vendor/laravel/framework/src/Illuminate/Pipeline/Pipeline.php:124
[12-Feb-2018 11:03:23 UTC] PHP  19. Illuminate\Pipeline\Pipeline->Illuminate\Pipeline\{closure}() /home/ubuntu/workspace/tasklist/vendor/laravel/framework/src/Illuminate/Session/Middleware/StartSession.php:62
[12-Feb-2018 11:03:23 UTC] PHP  20. call_user_func_array:{/home/ubuntu/workspace/tasklist/vendor/laravel/framework/src/Illuminate/Pipeline/Pipeline.php:124}() /home/ubuntu/workspace/tasklist/vendor/laravel/framework/src/Illuminate/Pipeline/Pipeline.php:124
[12-Feb-2018 11:03:23 UTC] PHP  21. Illuminate\View\Middleware\ShareErrorsFromSession->handle() /home/ubuntu/workspace/tasklist/vendor/laravel/framework/src/Illuminate/Pipeline/Pipeline.php:124
[12-Feb-2018 11:03:23 UTC] PHP  22. Illuminate\Pipeline\Pipeline->Illuminate\Pipeline\{closure}() /home/ubuntu/workspace/tasklist/vendor/laravel/framework/src/Illuminate/View/Middleware/ShareErrorsFromSession.php:49
[12-Feb-2018 11:03:23 UTC] PHP  23. call_user_func_array:{/home/ubuntu/workspace/tasklist/vendor/laravel/framework/src/Illuminate/Pipeline/Pipeline.php:124}() /home/ubuntu/workspace/tasklist/vendor/laravel/framework/src/Illuminate/Pipeline/Pipeline.php:124
[12-Feb-2018 11:03:23 UTC] PHP  24. Illuminate\Foundation\Http\Middleware\VerifyCsrfToken->handle() /home/ubuntu/workspace/tasklist/vendor/laravel/framework/src/Illuminate/Pipeline/Pipeline.php:124
[12-Feb-2018 11:03:23 UTC] PHP  25. Illuminate\Pipeline\Pipeline->Illuminate\Pipeline\{closure}() /home/ubuntu/workspace/tasklist/vendor/laravel/framework/src/Illuminate/Foundation/Http/Middleware/VerifyCsrfToken.php:50
[12-Feb-2018 11:03:23 UTC] PHP  26. call_user_func:{/home/ubuntu/workspace/tasklist/vendor/laravel/framework/src/Illuminate/Pipeline/Pipeline.php:139}() /home/ubuntu/workspace/tasklist/vendor/laravel/framework/src/Illuminate/Pipeline/Pipeline.php:139
[12-Feb-2018 11:03:23 UTC] PHP  27. Illuminate\Foundation\Http\Kernel->Illuminate\Foundation\Http\{closure}() /home/ubuntu/workspace/tasklist/vendor/laravel/framework/src/Illuminate/Pipeline/Pipeline.php:139
[12-Feb-2018 11:03:23 UTC] PHP  28. Illuminate\Routing\Router->dispatch() /home/ubuntu/workspace/tasklist/vendor/laravel/framework/src/Illuminate/Foundation/Http/Kernel.php:236
[12-Feb-2018 11:03:23 UTC] PHP  29. Illuminate\Routing\Router->dispatchToRoute() /home/ubuntu/workspace/tasklist/vendor/laravel/framework/src/Illuminate/Routing/Router.php:635
[12-Feb-2018 11:03:23 UTC] PHP  30. Illuminate\Routing\Router->runRouteWithinStack() /home/ubuntu/workspace/tasklist/vendor/laravel/framework/src/Illuminate/Routing/Router.php:675
[12-Feb-2018 11:03:23 UTC] PHP  31. Illuminate\Pipeline\Pipeline->then() /home/ubuntu/workspace/tasklist/vendor/laravel/framework/src/Illuminate/Routing/Router.php:710
[12-Feb-2018 11:03:23 UTC] PHP  32. call_user_func:{/home/ubuntu/workspace/tasklist/vendor/laravel/framework/src/Illuminate/Pipeline/Pipeline.php:103}() /home/ubuntu/workspace/tasklist/vendor/laravel/framework/src/Illuminate/Pipeline/Pipeline.php:103
[12-Feb-2018 11:03:23 UTC] PHP  33. Illuminate\Pipeline\Pipeline->Illuminate\Pipeline\{closure}() /home/ubuntu/workspace/tasklist/vendor/laravel/framework/src/Illuminate/Pipeline/Pipeline.php:103
[12-Feb-2018 11:03:23 UTC] PHP  34. call_user_func:{/home/ubuntu/workspace/tasklist/vendor/laravel/framework/src/Illuminate/Pipeline/Pipeline.php:139}() /home/ubuntu/workspace/tasklist/vendor/laravel/framework/src/Illuminate/Pipeline/Pipeline.php:139
[12-Feb-2018 11:03:23 UTC] PHP  35. Illuminate\Routing\Router->Illuminate\Routing\{closure}() /home/ubuntu/workspace/tasklist/vendor/laravel/framework/src/Illuminate/Pipeline/Pipeline.php:139
[12-Feb-2018 11:03:23 UTC] PHP  36. Illuminate\Routing\Route->run() /home/ubuntu/workspace/tasklist/vendor/laravel/framework/src/Illuminate/Routing/Router.php:708
[12-Feb-2018 11:03:23 UTC] PHP  37. Illuminate\Routing\Route->runWithCustomDispatcher() /home/ubuntu/workspace/tasklist/vendor/laravel/framework/src/Illuminate/Routing/Route.php:134
[12-Feb-2018 11:03:23 UTC] PHP  38. Illuminate\Routing\ControllerDispatcher->dispatch() /home/ubuntu/workspace/tasklist/vendor/laravel/framework/src/Illuminate/Routing/Route.php:203
[12-Feb-2018 11:03:23 UTC] PHP  39. Illuminate\Routing\ControllerDispatcher->callWithinStack() /home/ubuntu/workspace/tasklist/vendor/laravel/framework/src/Illuminate/Routing/ControllerDispatcher.php:69
[12-Feb-2018 11:03:23 UTC] PHP  40. Illuminate\Pipeline\Pipeline->then() /home/ubuntu/workspace/tasklist/vendor/laravel/framework/src/Illuminate/Routing/ControllerDispatcher.php:114
[12-Feb-2018 11:03:23 UTC] PHP  41. call_user_func:{/home/ubuntu/workspace/tasklist/vendor/laravel/framework/src/Illuminate/Pipeline/Pipeline.php:103}() /home/ubuntu/workspace/tasklist/vendor/laravel/framework/src/Illuminate/Pipeline/Pipeline.php:103
[12-Feb-2018 11:03:23 UTC] PHP  42. Illuminate\Pipeline\Pipeline->Illuminate\Pipeline\{closure}() /home/ubuntu/workspace/tasklist/vendor/laravel/framework/src/Illuminate/Pipeline/Pipeline.php:103
[12-Feb-2018 11:03:23 UTC] PHP  43. call_user_func:{/home/ubuntu/workspace/tasklist/vendor/laravel/framework/src/Illuminate/Pipeline/Pipeline.php:139}() /home/ubuntu/workspace/tasklist/vendor/laravel/framework/src/Illuminate/Pipeline/Pipeline.php:139
[12-Feb-2018 11:03:23 UTC] PHP  44. Illuminate\Routing\ControllerDispatcher->Illuminate\Routing\{closure}() /home/ubuntu/workspace/tasklist/vendor/laravel/framework/src/Illuminate/Pipeline/Pipeline.php:139
[12-Feb-2018 11:03:23 UTC] PHP  45. Illuminate\Routing\Router->prepareResponse() /home/ubuntu/workspace/tasklist/vendor/laravel/framework/src/Illuminate/Routing/ControllerDispatcher.php:113
[12-Feb-2018 11:03:23 UTC] PHP  46. Symfony\Component\HttpFoundation\Response->__construct() /home/ubuntu/workspace/tasklist/vendor/laravel/framework/src/Illuminate/Routing/Router.php:1229
[12-Feb-2018 11:03:23 UTC] PHP  47. Illuminate\Http\Response->setContent() /home/ubuntu/workspace/tasklist/vendor/symfony/http-foundation/Response.php:201
[12-Feb-2018 11:03:23 UTC] PHP  48. Illuminate\View\View->render() /home/ubuntu/workspace/tasklist/vendor/laravel/framework/src/Illuminate/Http/Response.php:51
[12-Feb-2018 11:03:23 UTC] PHP  49. Illuminate\View\View->renderContents() /home/ubuntu/workspace/tasklist/vendor/laravel/framework/src/Illuminate/View/View.php:83
[12-Feb-2018 11:03:23 UTC] PHP  50. Illuminate\View\View->getContents() /home/ubuntu/workspace/tasklist/vendor/laravel/framework/src/Illuminate/View/View.php:118
[12-Feb-2018 11:03:23 UTC] PHP  51. Illuminate\View\Engines\CompilerEngine->get() /home/ubuntu/workspace/tasklist/vendor/laravel/framework/src/Illuminate/View/View.php:147
[12-Feb-2018 11:03:23 UTC] PHP  52. Illuminate\View\Engines\PhpEngine->evaluatePath() /home/ubuntu/workspace/tasklist/vendor/laravel/framework/src/Illuminate/View/Engines/CompilerEngine.php:58
